<?xml version="1.0" encoding="UTF-8"?>
<!-- Generated by org.testng.reporters.JUnitXMLReporter -->
<testsuite ignored="0" hostname="DESKTOP-M1QI0QO" failures="0" tests="7" name="Default test" time="13.724" errors="0" timestamp="2025-07-08T22:33:03 IST">
  <testcase classname="TrankTechni.Homepage" name="homepage" time="6.108"/>
  <testcase classname="TrankTechni.Homepage" name="Exploremore" time="1.875"/>
  <testcase classname="TrankTechni.Homepage" name="Redirect" time="0.842"/>
  <testcase classname="TrankTechni.Homepage" name="Arrrow" time="0.432"/>
  <testcase classname="TrankTechni.Homepage" name="Knowmore" time="0.58"/>
  <testcase classname="TrankTechni.Homepage" name="Redirect2" time="0.573"/>
  <testcase classname="TrankTechni.Homepage" name="GetinTouch" time="2.703"/>
</testsuite> <!-- Default test -->
